diff --git a/src/my-app.html b/src/my-app.html
index da13fcd..9447454 100644
--- a/src/my-app.html
+++ b/src/my-app.html
@@ -9,104 +9,100 @@ subject to an additional IP rights grant found at http://polymer.github.io/PATEN
 -->
 
 <link rel="import" href="../bower_components/polymer/polymer-element.html">
-<link rel="import" href="nephcounter-main.html">
+<link rel="import" href="../bower_components/app-layout/app-drawer/app-drawer.html">
+<link rel="import" href="../bower_components/app-layout/app-drawer-layout/app-drawer-layout.html">
+<link rel="import" href="../bower_components/app-layout/app-header/app-header.html">
+<link rel="import" href="../bower_components/app-layout/app-header-layout/app-header-layout.html">
+<link rel="import" href="../bower_components/app-layout/app-scroll-effects/app-scroll-effects.html">
+<link rel="import" href="../bower_components/app-layout/app-toolbar/app-toolbar.html">
+<link rel="import" href="../bower_components/app-route/app-location.html">
+<link rel="import" href="../bower_components/app-route/app-route.html">
+<link rel="import" href="../bower_components/iron-pages/iron-pages.html">
+<link rel="import" href="../bower_components/iron-selector/iron-selector.html">
+<link rel="import" href="../bower_components/paper-icon-button/paper-icon-button.html">
+<link rel="import" href="my-icons.html">
 
 <dom-module id="my-app">
   <template>
-  <style>
-    :host {
-      --app-primary-color: blue;  /* orange */
-      --app-secondary-color: lightblue;  /* teal */
-      --app-primary-text-color: black;
-      --app-secondary-text-color: gray;
-      --app-error-color: red;
-      display: block;
-    }
-
-    [hidden] {
-      display: none !important;
-    }
-
-    paper-button[raised] {
-      background-color: var(--app-primary-color);
-      color: black;
-      font-size: 14px;
-    }
-
-    .offline {
-      font-weight: 300;
-      font-size: 18px;
-    }
-
-    .signin-view {
-      color: black;
-      padding-top: 10%;
-      max-width: 400px;
-      margin: auto;
-      text-align: center;
-    }
+    <style>
+      :host {
+        --app-primary-color: #4285f4;
+        --app-secondary-color: black;
 
-    .header {
-      height: 350px;
-      overflow: hidden;
-    }
-
-    h1 {
-      letter-spacing: 2px;
-      font-weight: 500;
-    }
-
-    p {
-      font-weight: 300;
-      font-size: 18px;
-    }
-
-    .giant {
-      font-size: 3.4em;
-    }
-
-    .footer {
-      font-size: 13px;
-    }
-
-    a:link, a:visited {
-      color: var(--app-primary-color);
-      text-decoration: none;
-    }
+        display: block;
+      }
 
-    a:hover {
-      text-decoration: underline;
-    }
+      app-drawer-layout:not([narrow]) [drawer-toggle] {
+        display: none;
+      }
 
-    button {
-      box-shadow: 0 2px 2px 0 rgba(0, 0, 0, 0.14), 0 1px 5px 0 rgba(0, 0, 0, 0.12), 0 3px 1px -2px rgba(0, 0, 0, 0.2);
-      background: var(--app-primary-color);
-      color: white;
-      border: none;
-      border-radius: 3px;
-      text-transform: uppercase;
-      padding: 0.7em 0.57em;
-      font-size: 14px;
-      cursor: pointer;
-    }
-  </style>
+      app-header {
+        color: #fff;
+        background-color: var(--app-primary-color);
+      }
 
+      app-header paper-icon-button {
+        --paper-icon-button-ink-color: white;
+      }
 
-  <div class="signin-view" id="signin" hidden>
-    <div class="header">
-      <div class="giant">Nephcounter</div>
-      <p></p>
-      <br>
-      <nephcount-login user="{{user}}" hidden$="[[offline]]"></nephcount-login>
-      <!-- <button on-tap="login" raised hidden$="[[offline]]">Sign-in</button> -->
-      <div hidden$="[[!offline]]" class="offline">We can't log on right now because we are offline.</div>
-    </div>
+      .drawer-list {
+        margin: 0 20px;
+      }
 
-    <p class="footer"> Made with Google Polymer and Firebase&nbsp; by <a href="https://www.facebook.com/sandra.fons.94?fref=ts">Sandra M. Fons and <a href="https://www.linkedin.com/in/michaelafons">Michael A. Fons.  Consulting Nutritionist: Lesley Cloke, R.D.</a>.
-      Find this on <a href="https://github.com/mfons/nephcount">GitHub</a>.</p>
-  </div>
+      .drawer-list a {
+        display: block;
+        padding: 0 16px;
+        text-decoration: none;
+        color: var(--app-secondary-color);
+        line-height: 40px;
+      }
 
-  <nephcounter-main id="nephcountid" offline="[[offline]]" ></nephcounter-main>
+      .drawer-list a.iron-selected {
+        color: black;
+        font-weight: bold;
+      }
+    </style>
+
+    <app-location route="{{route}}"></app-location>
+    <app-route
+        route="{{route}}"
+        pattern="/:page"
+        data="{{routeData}}"
+        tail="{{subroute}}"></app-route>
+
+    <app-drawer-layout fullbleed>
+      <!-- Drawer content -->
+      <app-drawer id="drawer" slot="drawer">
+        <app-toolbar>Menu</app-toolbar>
+        <iron-selector selected="[[page]]" attr-for-selected="name" class="drawer-list" role="navigation">
+          <a name="view1" href="/view1">View One</a>
+          <a name="view2" href="/view2">View Two</a>
+          <a name="view3" href="/view3">View Three</a>
+        </iron-selector>
+      </app-drawer>
+
+      <!-- Main content -->
+      <app-header-layout has-scrolling-region>
+
+        <app-header slot="header" condenses reveals effects="waterfall">
+          <app-toolbar>
+            <paper-icon-button icon="my-icons:menu" drawer-toggle></paper-icon-button>
+            <div main-title>My App</div>
+          </app-toolbar>
+        </app-header>
+
+        <iron-pages
+            selected="[[page]]"
+            attr-for-selected="name"
+            fallback-selection="view404"
+            role="main">
+          <my-view1 name="view1"></my-view1>
+          <my-view2 name="view2"></my-view2>
+          <my-view3 name="view3"></my-view3>
+          <my-view404 name="view404"></my-view404>
+        </iron-pages>
+      </app-header-layout>
+    </app-drawer-layout>
   </template>
 
   <script>
@@ -116,22 +112,50 @@ subject to an additional IP rights grant found at http://polymer.github.io/PATEN
 
       static get properties() {
         return {
-          offline: {
-            type: Boolean,
-            value: false
+          page: {
+            type: String,
+            reflectToAttribute: true,
+            observer: '_pageChanged',
           },
         };
       }
 
-      // static get observers() {
-      //   return [
-      //     '_routePageChanged(routeData.page)',
-      //   ];
-      // }
+      static get observers() {
+        return [
+          '_routePageChanged(routeData.page)',
+        ];
+      }
+
+      _routePageChanged(page) {
+        // Polymer 2.0 will call with `undefined` on initialization.
+        // Ignore until we are properly called with a string.
+        if (page === undefined) {
+          return;
+        }
+
+        // If no page was found in the route data, page will be an empty string.
+        // Deault to 'view1' in that case.
+        this.page = page || 'view1';
+
+        // Close a non-persistent drawer when the page & route are changed.
+        if (!this.$.drawer.persistent) {
+          this.$.drawer.close();
+        }
+      }
+
+      _pageChanged(page) {
+        // Load page import on demand. Show 404 page if fails
+        var resolvedPageUrl = this.resolveUrl('my-' + page + '.html');
+        Polymer.importHref(
+            resolvedPageUrl,
+            null,
+            this._showPage404.bind(this),
+            true);
+      }
 
-      // _showPage404() {
-      //   this.page = 'view404';
-      // }
+      _showPage404() {
+        this.page = 'view404';
+      }
     }
 
     window.customElements.define(MyApp.is, MyApp);
